<?xml version="1.0" encoding="UTF-8"?>
<!-- Generated by org.testng.reporters.JUnitReportReporter -->
<testsuite hostname="DESKTOP-ODDFSPD" failures="0" tests="1" name="runner.runCreateLead" time="24.484" errors="0" timestamp="2024-10-25T20:44:42 IST" skipped="0">
  <testcase classname="runner.runCreateLead" name="runScenario" time="24.484"/>
  <system-out/>
</testsuite> <!-- runner.runCreateLead -->
