<?xml version="1.0" encoding="UTF-8"?>
<!-- Generated by org.testng.reporters.JUnitReportReporter -->
<testsuite hostname="DESKTOP-ODDFSPD" failures="0" tests="2" name="testcases.TC_002_CreateLeadPage" time="57.867" errors="0" timestamp="2024-10-26T12:35:26 IST" skipped="0">
  <testcase classname="testcases.TC_002_CreateLeadPage" name="runCreateLeadPage" time="31.011"/>
  <system-out/>
  <testcase classname="testcases.TC_002_CreateLeadPage" name="runCreateLeadPage" time="26.856"/>
  <system-out/>
</testsuite> <!-- testcases.TC_002_CreateLeadPage -->
